[15-Apr-2025 09:55:00 Europe/Moscow] PHP Deprecated:  Constant FILTER_SANITIZE_STRING is deprecated in /var/www/u3091955/data/www/pixelmath.ru/send_email.php on line 24
[15-Apr-2025 09:55:00 Europe/Moscow] Email sent successfully to mathpix@inbox.ru from sfgr
[15-Apr-2025 10:08:13 Europe/Moscow] PHP Deprecated:  Constant FILTER_SANITIZE_STRING is deprecated in /var/www/u3091955/data/www/pixelmath.ru/send_email.php on line 24
[15-Apr-2025 10:08:13 Europe/Moscow] Email sent successfully to mathpix@inbox.ru from Хуяк
[15-Apr-2025 11:46:18 Europe/Moscow] PHP Deprecated:  Constant FILTER_SANITIZE_STRING is deprecated in /var/www/u3091955/data/www/pixelmath.ru/send_email.php on line 24
[15-Apr-2025 11:46:19 Europe/Moscow] Email sent successfully to mathpix@inbox.ru from Ралиф
[15-Apr-2025 21:38:30 Europe/Moscow] PHP Deprecated:  Constant FILTER_SANITIZE_STRING is deprecated in /var/www/u3091955/data/www/pixelmath.ru/send_email.php on line 24
[15-Apr-2025 21:38:30 Europe/Moscow] Email sent successfully to mathpix@inbox.ru from Врруууууум
[15-Apr-2025 23:09:00 Europe/Moscow] PHP Deprecated:  Constant FILTER_SANITIZE_STRING is deprecated in /var/www/u3091955/data/www/pixelmath.ru/send_email.php on line 24
[15-Apr-2025 23:09:00 Europe/Moscow] Email sent successfully to mathpix@inbox.ru from Броу
[16-Apr-2025 17:26:47 Europe/Moscow] PHP Deprecated:  Constant FILTER_SANITIZE_STRING is deprecated in /var/www/u3091955/data/www/pixelmath.ru/send_email.php on line 24
[16-Apr-2025 17:26:47 Europe/Moscow] Email sent successfully to mathpix@inbox.ru from D
[17-Apr-2025 10:23:06 Europe/Moscow] PHP Deprecated:  Constant FILTER_SANITIZE_STRING is deprecated in /var/www/u3091955/data/www/pixelmath.ru/send_email.php on line 24
[17-Apr-2025 10:23:06 Europe/Moscow] Email sent successfully to mathpix@inbox.ru from Валерия
[19-Apr-2025 10:41:33 Europe/Moscow] PHP Deprecated:  Constant FILTER_SANITIZE_STRING is deprecated in /var/www/u3091955/data/www/pixelmath.ru/send_email.php on line 24
[19-Apr-2025 10:41:33 Europe/Moscow] Email sent successfully to mathpix@inbox.ru from Кирилл.Ч
[20-Apr-2025 23:56:58 Europe/Moscow] PHP Deprecated:  Constant FILTER_SANITIZE_STRING is deprecated in /var/www/u3091955/data/www/pixelmath.ru/send_email.php on line 24
[20-Apr-2025 23:56:58 Europe/Moscow] Email sent successfully to mathpix@inbox.ru from Оренбург
[21-Apr-2025 19:05:31 Europe/Moscow] PHP Deprecated:  Constant FILTER_SANITIZE_STRING is deprecated in /var/www/u3091955/data/www/pixelmath.ru/send_email.php on line 24
[21-Apr-2025 19:05:31 Europe/Moscow] Email sent successfully to mathpix@inbox.ru from Валерия
[25-Apr-2025 23:50:32 Europe/Moscow] PHP Deprecated:  Constant FILTER_SANITIZE_STRING is deprecated in /var/www/u3091955/data/www/pixelmath.ru/send_email.php on line 24
[25-Apr-2025 23:50:32 Europe/Moscow] Email sent successfully to mathpix@inbox.ru from Кирилл Ч.
[26-Apr-2025 12:54:03 Europe/Moscow] PHP Deprecated:  Constant FILTER_SANITIZE_STRING is deprecated in /var/www/u3091955/data/www/pixelmath.ru/send_email.php on line 24
[26-Apr-2025 12:54:03 Europe/Moscow] Email sent successfully to mathpix@inbox.ru from а
[28-Apr-2025 21:00:26 Europe/Moscow] PHP Deprecated:  Constant FILTER_SANITIZE_STRING is deprecated in /var/www/u3091955/data/www/pixelmath.ru/send_email.php on line 17
[28-Apr-2025 21:00:26 Europe/Moscow] Email sent successfully to vafinralif@mail.ru from Марат
